TN:
SF:src/Staking.sol
DA:30,7
FN:30,StakingRewards.constructor
FNDA:7,StakingRewards.constructor
DA:31,7
DA:32,7
DA:33,7
DA:36,8
FN:36,StakingRewards.onlyOwner
FNDA:8,StakingRewards.onlyOwner
DA:37,8
BRDA:37,0,0,2
BRDA:37,0,1,4
DA:41,2
FN:41,StakingRewards.updateReward
FNDA:2,StakingRewards.updateReward
DA:42,2
DA:43,2
DA:45,2
BRDA:45,1,0,2
DA:46,2
DA:47,2
DA:53,0
FN:53,StakingRewards.lastTimeRewardApplicable
FNDA:0,StakingRewards.lastTimeRewardApplicable
DA:54,23
DA:57,0
FN:57,StakingRewards.rewardPerToken
FNDA:0,StakingRewards.rewardPerToken
DA:58,22
BRDA:58,2,0,14
DA:59,14
DA:62,8
DA:65,4
FN:65,StakingRewards.stake
FNDA:4,StakingRewards.stake
DA:66,4
BRDA:66,3,0,1
BRDA:66,3,1,3
DA:67,3
DA:68,3
DA:69,3
DA:72,2
FN:72,StakingRewards.withdraw
FNDA:2,StakingRewards.withdraw
DA:73,2
BRDA:73,4,0,1
BRDA:73,4,1,1
DA:74,1
DA:75,1
DA:76,1
DA:79,0
FN:79,StakingRewards.earned
FNDA:0,StakingRewards.earned
DA:80,7
DA:81,7
DA:84,1
FN:84,StakingRewards.getReward
FNDA:1,StakingRewards.getReward
DA:85,1
DA:86,1
BRDA:86,5,0,1
DA:87,1
DA:88,1
DA:92,6
FN:92,StakingRewards.setRewardsDuration
FNDA:6,StakingRewards.setRewardsDuration
DA:93,4
BRDA:93,6,0,2
BRDA:93,6,1,2
DA:94,2
DA:97,8
FN:97,StakingRewards.notifyRewardAmount
FNDA:8,StakingRewards.notifyRewardAmount
DA:98,8
BRDA:98,7,0,6
BRDA:98,7,1,2
DA:99,6
DA:101,2
DA:102,2
DA:105,8
BRDA:105,8,0,2
BRDA:105,8,1,6
DA:106,6
BRDA:106,9,0,2
BRDA:106,9,1,4
DA:108,4
DA:109,4
DA:112,23
FN:112,StakingRewards._min
FNDA:23,StakingRewards._min
DA:113,23
FNF:12
FNH:9
LF:50
LH:47
BRF:17
BRH:17
end_of_record
